<?xml version="1.0" encoding="UTF-8"?>
<!-- Generated by org.testng.reporters.JUnitReportReporter -->
<testsuite hostname="admin-PC" name="com.bugasura.testcases.VerifyWallpaperTest" tests="1" failures="0" timestamp="5 Jul 2019 15:57:13 GMT" time="139.227" errors="0">
  <testcase name="appPage" time="139.227" classname="com.bugasura.testcases.VerifyWallpaperTest"/>
</testsuite> <!-- com.bugasura.testcases.VerifyWallpaperTest -->
