<?xml version="1.0" encoding="UTF-8"?>
<!-- Generated by org.testng.reporters.JUnitReportReporter -->
<testsuite hostname="admin-PC" name="com.bugasura.testcases.VerifyCheckBoxTest" tests="1" failures="0" timestamp="19 Jul 2019 11:19:12 GMT" time="8.247" errors="0">
  <testcase name="verifyCheckBox" time="8.247" classname="com.bugasura.testcases.VerifyCheckBoxTest"/>
</testsuite> <!-- com.bugasura.testcases.VerifyCheckBoxTest -->
