<?xml version="1.0" encoding="UTF-8"?>
<!-- Generated by org.testng.reporters.JUnitReportReporter -->
<testsuite hostname="admin-PC" name="com.bugasura.testcases.VerifyListDialogue" tests="1" failures="0" timestamp="19 Jul 2019 11:23:51 GMT" time="7.651" errors="0">
  <testcase name="verifyDialogueBox" time="7.651" classname="com.bugasura.testcases.VerifyListDialogue"/>
</testsuite> <!-- com.bugasura.testcases.VerifyListDialogue -->
