<?xml version="1.0" encoding="UTF-8"?>
<!-- Generated by org.testng.reporters.JUnitReportReporter -->
<testsuite hostname="admin-PC" name="com.bugasura.testcases.HomePageTest" tests="1" failures="0" timestamp="2 Jul 2019 06:02:02 GMT" time="6.300" errors="0">
  <testcase name="testHome" time="6.300" classname="com.bugasura.testcases.HomePageTest"/>
</testsuite> <!-- com.bugasura.testcases.HomePageTest -->
