<?xml version="1.0" encoding="UTF-8"?>
<!-- Generated by org.testng.reporters.JUnitReportReporter -->
<testsuite hostname="admin-PC" name="com.bugasura.testcases.VerifyWifiEnable" tests="1" failures="0" timestamp="1 Aug 2019 10:14:53 GMT" time="7.085" errors="0">
  <testcase name="VerifyWifi" time="7.085" classname="com.bugasura.testcases.VerifyWifiEnable"/>
</testsuite> <!-- com.bugasura.testcases.VerifyWifiEnable -->
