<?xml version="1.0" encoding="UTF-8"?>
<!-- Generated by org.testng.reporters.JUnitReportReporter -->
<testsuite hostname="admin-PC" name="com.bugasura.testcases.VerifyDragAndDropTest" tests="1" failures="0" timestamp="8 Jul 2019 10:12:00 GMT" time="10.019" errors="0">
  <testcase name="testDragAndDrop" time="10.019" classname="com.bugasura.testcases.VerifyDragAndDropTest"/>
</testsuite> <!-- com.bugasura.testcases.VerifyDragAndDropTest -->
