<?xml version="1.0" encoding="UTF-8"?>
<!-- Generated by org.testng.reporters.JUnitReportReporter -->
<testsuite hostname="admin-PC" name="com.bugasura.testcases.VerifyToggleButtonTest" tests="1" failures="0" timestamp="9 Jul 2019 10:29:51 GMT" time="4.133" errors="0">
  <testcase name="verifyTogglebtn" time="4.133" classname="com.bugasura.testcases.VerifyToggleButtonTest"/>
</testsuite> <!-- com.bugasura.testcases.VerifyToggleButtonTest -->
