<?xml version="1.0" encoding="UTF-8"?>
<!-- Generated by org.testng.reporters.JUnitReportReporter -->
<testsuite hostname="admin-PC" name="com.bugasura.testcases.VerifyAppPageTest" tests="1" failures="0" timestamp="2 Jul 2019 07:48:46 GMT" time="221.351" errors="0">
  <testcase name="appPage" time="221.351" classname="com.bugasura.testcases.VerifyAppPageTest"/>
</testsuite> <!-- com.bugasura.testcases.VerifyAppPageTest -->
