<?xml version="1.0" encoding="UTF-8"?>
<!-- Generated by org.testng.reporters.JUnitReportReporter -->
<testsuite hostname="admin-PC" name="com.bugasura.testcases.VerifyToasterMessage" tests="1" failures="0" timestamp="20 Jul 2019 15:41:16 GMT" time="3.870" errors="0">
  <testcase name="toastMessage" time="3.870" classname="com.bugasura.testcases.VerifyToasterMessage"/>
</testsuite> <!-- com.bugasura.testcases.VerifyToasterMessage -->
