<?xml version="1.0" encoding="UTF-8"?>
<!-- Generated by org.testng.reporters.JUnitReportReporter -->
<testsuite hostname="admin-PC" name="com.bugasura.testcases.VerifySingleChoiceList" tests="1" failures="0" timestamp="20 Jul 2019 10:39:43 GMT" time="18.940" errors="0">
  <testcase name="SingleChoiceList" time="18.940" classname="com.bugasura.testcases.VerifySingleChoiceList"/>
</testsuite> <!-- com.bugasura.testcases.VerifySingleChoiceList -->
