<?xml version="1.0" encoding="UTF-8"?>
<!-- Generated by org.testng.reporters.JUnitReportReporter -->
<testsuite hostname="admin-PC" name="com.bugasura.testcases.VerifyCustomCheckBoxTest" tests="1" failures="0" timestamp="8 Jul 2019 12:22:09 GMT" time="11.150" errors="0">
  <testcase name="verifyCustomBox" time="11.150" classname="com.bugasura.testcases.VerifyCustomCheckBoxTest"/>
</testsuite> <!-- com.bugasura.testcases.VerifyCustomCheckBoxTest -->
